<?xml version="1.0" encoding="UTF-8"?>
<testng-results ignored="0" total="2" passed="2" failed="0" skipped="0">
  <reporter-output>
  </reporter-output>
  <suite started-at="2020-08-03T11:18:15Z" name="Suite" finished-at="2020-08-03T11:19:27Z" duration-ms="71538">
    <groups>
      <group name="single">
        <method signature="MyLogoTest.printedDress()[pri:0, instance:SampleTest.SampleTest.MyLogoTest@7bd7d6d6]" name="printedDress" class="SampleTest.SampleTest.MyLogoTest"/>
        <method signature="MyLogoTest.signIn(java.util.Map)[pri:0, instance:SampleTest.SampleTest.MyLogoTest@7bd7d6d6]" name="signIn" class="SampleTest.SampleTest.MyLogoTest"/>
      </group> <!-- single -->
    </groups>
    <test started-at="2020-08-03T11:18:15Z" name="Test" finished-at="2020-08-03T11:19:27Z" duration-ms="71538">
      <class name="SampleTest.SampleTest.MyLogoTest">
        <test-method is-config="true" signature="invokeBrowser()[pri:0, instance:SampleTest.SampleTest.MyLogoTest@7bd7d6d6]" started-at="2020-08-03T16:48:15Z" name="invokeBrowser" finished-at="2020-08-03T16:48:35Z" duration-ms="19578" status="PASS">
          <reporter-output>
          </reporter-output>
        </test-method> <!-- invokeBrowser -->
        <test-method signature="printedDress()[pri:0, instance:SampleTest.SampleTest.MyLogoTest@7bd7d6d6]" started-at="2020-08-03T16:48:35Z" name="printedDress" finished-at="2020-08-03T16:48:49Z" duration-ms="13894" status="PASS">
          <reporter-output>
          </reporter-output>
        </test-method> <!-- printedDress -->
        <test-method is-config="true" signature="invokeBrowser()[pri:0, instance:SampleTest.SampleTest.MyLogoTest@7bd7d6d6]" started-at="2020-08-03T16:48:58Z" name="invokeBrowser" finished-at="2020-08-03T16:49:19Z" duration-ms="21919" status="PASS">
          <reporter-output>
          </reporter-output>
        </test-method> <!-- invokeBrowser -->
        <test-method signature="signIn(java.util.Map)[pri:0, instance:SampleTest.SampleTest.MyLogoTest@7bd7d6d6]" started-at="2020-08-03T16:49:19Z" name="signIn" data-provider="readDataFromExcel" finished-at="2020-08-03T16:49:27Z" duration-ms="7365" status="PASS">
          <params>
            <param index="0">
              <value>
                <![CDATA[{Username=riteshkumar700000@gmail.com, Password=123456}]]>
              </value>
            </param>
          </params>
          <reporter-output>
          </reporter-output>
        </test-method> <!-- signIn -->
      </class> <!-- SampleTest.SampleTest.MyLogoTest -->
    </test> <!-- Test -->
  </suite> <!-- Suite -->
</testng-results>
