<?xml version="1.0" encoding="UTF-8"?>
<testng-results ignored="0" total="2" passed="2" failed="0" skipped="0">
  <reporter-output>
  </reporter-output>
  <suite started-at="2020-08-20T04:44:26Z" name="Suite" finished-at="2020-08-20T04:45:44Z" duration-ms="78146">
    <groups>
      <group name="single">
        <method signature="MyLogoTest.printedDress()[pri:0, instance:SampleTest.SampleTest.MyLogoTest@480d3575]" name="printedDress" class="SampleTest.SampleTest.MyLogoTest"/>
        <method signature="MyLogoTest.signIn(java.util.Map)[pri:0, instance:SampleTest.SampleTest.MyLogoTest@480d3575]" name="signIn" class="SampleTest.SampleTest.MyLogoTest"/>
      </group> <!-- single -->
    </groups>
    <test started-at="2020-08-20T04:44:26Z" name="Test" finished-at="2020-08-20T04:45:44Z" duration-ms="78146">
      <class name="SampleTest.SampleTest.MyLogoTest">
        <test-method is-config="true" signature="invokeBrowser()[pri:0, instance:SampleTest.SampleTest.MyLogoTest@480d3575]" started-at="2020-08-20T10:14:26Z" name="invokeBrowser" finished-at="2020-08-20T10:14:52Z" duration-ms="26601" status="PASS">
          <reporter-output>
          </reporter-output>
        </test-method> <!-- invokeBrowser -->
        <test-method signature="printedDress()[pri:0, instance:SampleTest.SampleTest.MyLogoTest@480d3575]" started-at="2020-08-20T10:14:52Z" name="printedDress" finished-at="2020-08-20T10:15:09Z" duration-ms="16247" status="PASS">
          <reporter-output>
          </reporter-output>
        </test-method> <!-- printedDress -->
        <test-method is-config="true" signature="invokeBrowser()[pri:0, instance:SampleTest.SampleTest.MyLogoTest@480d3575]" started-at="2020-08-20T10:15:18Z" name="invokeBrowser" finished-at="2020-08-20T10:15:39Z" duration-ms="21159" status="PASS">
          <reporter-output>
          </reporter-output>
        </test-method> <!-- invokeBrowser -->
        <test-method signature="signIn(java.util.Map)[pri:0, instance:SampleTest.SampleTest.MyLogoTest@480d3575]" started-at="2020-08-20T10:15:39Z" name="signIn" data-provider="readDataFromExcel" finished-at="2020-08-20T10:15:44Z" duration-ms="5094" status="PASS">
          <params>
            <param index="0">
              <value>
                <![CDATA[{Username=riteshkumar700000@gmail.com, Password=123456}]]>
              </value>
            </param>
          </params>
          <reporter-output>
          </reporter-output>
        </test-method> <!-- signIn -->
      </class> <!-- SampleTest.SampleTest.MyLogoTest -->
    </test> <!-- Test -->
  </suite> <!-- Suite -->
</testng-results>
